\BOOKMARK [0][-]{section*.4}{فهرست تصاویر}{}% 1
\BOOKMARK [0][-]{section*.5}{فهرست جداول}{}% 2
\BOOKMARK [0][-]{section*.5}{فهرست الگوریتم‌ها}{}% 3
\BOOKMARK [0][-]{chapter*.6}{فهرست برنامه‌ها}{}% 4
\BOOKMARK [0][-]{chapter*.6}{فهرست اختصارات}{}% 5
\BOOKMARK [0][-]{chapter.1}{مقدمه}{}% 6
\BOOKMARK [1][-]{section.1.1}{مقدمه ای بر 5G و 6G }{chapter.1}% 7
\BOOKMARK [2][-]{subsection.1.1.1}{ نسل چهارم مخابرات}{section.1.1}% 8
\BOOKMARK [2][-]{subsection.1.1.2}{نسل پنجم مخابرات}{section.1.1}% 9
\BOOKMARK [1][-]{section.1.2}{مقدمه ای بر ساختار ORAN}{chapter.1}% 10
\BOOKMARK [2][-]{subsection.1.2.1}{مقدمه ای بر ساختار شبکه‌های دسترسی رادیویی C-RAN}{section.1.2}% 11
\BOOKMARK [3][-]{subsubsection.1.2.1.1}{ساختار شبکه‌های مختلف }{subsection.1.2.1}% 12
\BOOKMARK [3][-]{subsubsection.1.2.1.2}{ساختار سنتی ایستگاه پایه }{subsection.1.2.1}% 13
\BOOKMARK [3][-]{subsubsection.1.2.1.3}{ ساختار ایستگاه پایه و واحد رادیویی}{subsection.1.2.1}% 14
\BOOKMARK [3][-]{subsubsection.1.2.1.4}{ساختار C-RAN}{subsection.1.2.1}% 15
\BOOKMARK [2][-]{subsection.1.2.2}{xRAN}{section.1.2}% 16
\BOOKMARK [2][-]{subsection.1.2.3}{vRAN}{section.1.2}% 17
\BOOKMARK [2][-]{subsection.1.2.4}{ORAN}{section.1.2}% 18
\BOOKMARK [1][-]{section.1.3}{مجازی سازی توابع شبکه}{chapter.1}% 19
\BOOKMARK [1][-]{section.1.4}{زیرساخت تعریف شده توسط نرم افزار}{chapter.1}% 20
\BOOKMARK [2][-]{subsection.1.4.1}{شبکه تعریف شده نرم‌افزار \(SDN\)}{section.1.4}% 21
\BOOKMARK [2][-]{subsection.1.4.2}{شبکه دسترسی رادیویی تعریف شده نرم‌افزار \(SDRAN\)}{section.1.4}% 22
\BOOKMARK [1][-]{section.1.5}{برش شبکه}{chapter.1}% 23
\BOOKMARK [1][-]{section.1.6}{مسئله‌ی کوله‌پشتی و بسته‌بندی جعبه}{chapter.1}% 24
\BOOKMARK [2][-]{subsection.1.6.1}{مسئله‌ی کوله‌پشتی}{section.1.6}% 25
\BOOKMARK [2][-]{subsection.1.6.2}{مسئله‌ی بسته‌بندی جعبه}{section.1.6}% 26
\BOOKMARK [1][-]{section.1.7}{دستاوردهای پروژه}{chapter.1}% 27
\BOOKMARK [1][-]{section.1.8}{ساختار پروژه}{chapter.1}% 28
\BOOKMARK [1][-]{section.1.9}{نتیجه گیری}{chapter.1}% 29
\BOOKMARK [0][-]{chapter.2}{مروری بر کارهای پیشین}{}% 30
\BOOKMARK [1][-]{section.2.1}{مقدمه}{chapter.2}% 31
\BOOKMARK [1][-]{section.2.2}{مروری بر مسائل پیشین}{chapter.2}% 32
\BOOKMARK [2][-]{subsection.2.2.1}{برش شبکه}{section.2.2}% 33
\BOOKMARK [2][-]{subsection.2.2.2}{ شبکه های دسترسی رادیویی باز}{section.2.2}% 34
\BOOKMARK [2][-]{subsection.2.2.3}{قرار دادن VNF ها}{section.2.2}% 35
\BOOKMARK [1][-]{section.2.3}{روش های حل}{chapter.2}% 36
\BOOKMARK [2][-]{subsection.2.3.1}{مسئله‌ی کوله‌پشتی و بسته‌بندی جعبه}{section.2.3}% 37
\BOOKMARK [3][-]{subsubsection.2.3.1.1}{ مسئله‌ی کوله‌پشتی }{subsection.2.3.1}% 38
\BOOKMARK [3][-]{subsubsection.2.3.1.2}{مسئله‌ی بسته‌بندی جعبه}{subsection.2.3.1}% 39
\BOOKMARK [2][-]{subsection.2.3.2}{روشهای یادگیری تقویتی}{section.2.3}% 40
\BOOKMARK [1][-]{section.2.4}{نتیجه گیری}{chapter.2}% 41
\BOOKMARK [0][-]{chapter.3}{تخصیص منابع در شبکه‌های دسترسی رادیویی باز}{}% 42
\BOOKMARK [1][-]{section.3.1}{مقدمه}{chapter.3}% 43
\BOOKMARK [1][-]{section.3.2}{مدل سیستم}{chapter.3}% 44
\BOOKMARK [2][-]{subsection.3.2.1}{نرخ قابل دسترس}{section.3.2}% 45
\BOOKMARK [2][-]{subsection.3.2.2}{میانگین تاخیر}{section.3.2}% 46
\BOOKMARK [2][-]{subsection.3.2.3}{مرکز داده ی فیزیکی}{section.3.2}% 47
\BOOKMARK [2][-]{subsection.3.2.4}{صورت مساله}{section.3.2}% 48
\BOOKMARK [1][-]{section.3.3}{روش ابتکاری استفاده شده}{chapter.3}% 49
\BOOKMARK [2][-]{subsection.3.3.1}{بخش اول مسئله‌ی اول}{section.3.3}% 50
\BOOKMARK [2][-]{subsection.3.3.2}{بخش دوم مسئله‌ی اول}{section.3.3}% 51
\BOOKMARK [2][-]{subsection.3.3.3}{حل دو بخش مسئله‌ی اول به صورت تکراری}{section.3.3}% 52
\BOOKMARK [2][-]{subsection.3.3.4}{ حل مسئله‌ی دوم}{section.3.3}% 53
\BOOKMARK [1][-]{section.3.4}{نتایج عددی}{chapter.3}% 54
\BOOKMARK [1][-]{section.3.5}{نتیجه‌گیری}{chapter.3}% 55
\BOOKMARK [0][-]{chapter.4}{تخصیص برش شبکه به صورت دینامیکی}{}% 56
\BOOKMARK [1][-]{section.4.1}{مقدمه}{chapter.4}% 57
\BOOKMARK [1][-]{section.4.2}{ مدل سیستم و صورت مسئله‌ی بخش رادیویی}{chapter.4}% 58
\BOOKMARK [1][-]{section.4.3}{ مدل سیستم و صورت مسئله‌ی بخش هسته}{chapter.4}% 59
\BOOKMARK [1][-]{section.4.4}{حل مسئله به‌روش یادگیری تقویتی}{chapter.4}% 60
\BOOKMARK [2][-]{subsection.4.4.1}{نتایج عددی مسئله‌ی اول}{section.4.4}% 61
\BOOKMARK [2][-]{subsection.4.4.2}{نتایج عددی مسئله‌ی دوم}{section.4.4}% 62
\BOOKMARK [1][-]{section.4.5}{نتیجه‌گیری}{chapter.4}% 63
\BOOKMARK [0][-]{chapter.5}{پیشنهادات و کارهای آتی}{}% 64
\BOOKMARK [1][-]{section.5.1}{مقدمه}{chapter.5}% 65
\BOOKMARK [1][-]{section.5.2}{نتیجه‌گیری}{chapter.5}% 66
\BOOKMARK [2][-]{subsection.5.2.1}{مزایای این چالش و حل آن}{section.5.2}% 67
\BOOKMARK [2][-]{subsection.5.2.2}{معایب پروژه انجام شده}{section.5.2}% 68
\BOOKMARK [2][-]{subsection.5.2.3}{نوآوری‌های این پروژه}{section.5.2}% 69
\BOOKMARK [1][-]{section.5.3}{پیشنهادات}{chapter.5}% 70
\BOOKMARK [0][-]{chapter*.36}{کتاب‌نامه}{}% 71
\BOOKMARK [0][-]{chapter*.36}{واژه‌نامهٔ فارسی به انگلیسی}{}% 72
\BOOKMARK [0][-]{chapter*.36}{واژه‌نامهٔ انگلیسی به فارسی}{}% 73
